05-06-2021 15:23:57.579 [main] INFO  r.g.book.market.OrderServiceTest.logStarting - Starting OrderServiceTest using Java 15.0.1 on PC with PID 8376 (started by Андрей in D:\2021\Java\book-market\book_market)
05-06-2021 15:23:57.579 [main] INFO  r.g.book.market.OrderServiceTest.logStartupProfileInfo - The following profiles are active: test
05-06-2021 15:23:57.615 [main] DEBUG o.s.w.c.s.GenericWebApplicationContext.prepareRefresh - Refreshing org.springframework.web.context.support.GenericWebApplicationContext@77cf3f8b
05-06-2021 15:23:58.117 [main] INFO  r.g.book.market.OrderServiceTest.logStarted - Started OrderServiceTest in 0.787 seconds (JVM running for 1.542)
05-06-2021 15:23:58.180 [SpringContextShutdownHook] DEBUG o.s.w.c.s.GenericWebApplicationContext.doClose - Closing org.springframework.web.context.support.GenericWebApplicationContext@77cf3f8b, started on Sat Jun 05 15:23:57 MSK 2021
05-06-2021 15:53:33.124 [main] INFO  r.g.book.market.OrderServiceTest.logStarting - Starting OrderServiceTest using Java 15.0.1 on PC with PID 8652 (started by Андрей in D:\2021\Java\book-market\book_market)
05-06-2021 15:53:33.125 [main] INFO  r.g.book.market.OrderServiceTest.logStartupProfileInfo - The following profiles are active: test
05-06-2021 15:53:33.151 [main] DEBUG o.s.w.c.s.GenericWebApplicationContext.prepareRefresh - Refreshing org.springframework.web.context.support.GenericWebApplicationContext@77cf3f8b
05-06-2021 15:53:33.543 [main] INFO  r.g.book.market.OrderServiceTest.logStarted - Started OrderServiceTest in 0.634 seconds (JVM running for 1.303)
05-06-2021 15:53:33.599 [SpringContextShutdownHook] DEBUG o.s.w.c.s.GenericWebApplicationContext.doClose - Closing org.springframework.web.context.support.GenericWebApplicationContext@77cf3f8b, started on Sat Jun 05 15:53:33 MSK 2021
05-06-2021 15:53:48.201 [main] INFO  r.g.book.market.OrderServiceTest.logStarting - Starting OrderServiceTest using Java 15.0.1 on PC with PID 9820 (started by Андрей in D:\2021\Java\book-market\book_market)
05-06-2021 15:53:48.201 [main] INFO  r.g.book.market.OrderServiceTest.logStartupProfileInfo - The following profiles are active: test
05-06-2021 15:53:48.229 [main] DEBUG o.s.w.c.s.GenericWebApplicationContext.prepareRefresh - Refreshing org.springframework.web.context.support.GenericWebApplicationContext@7d373bcf
05-06-2021 15:53:48.680 [main] INFO  r.g.book.market.OrderServiceTest.logStarted - Started OrderServiceTest in 0.712 seconds (JVM running for 2.238)
05-06-2021 15:54:15.334 [SpringContextShutdownHook] DEBUG o.s.w.c.s.GenericWebApplicationContext.doClose - Closing org.springframework.web.context.support.GenericWebApplicationContext@7d373bcf, started on Sat Jun 05 15:53:48 MSK 2021
05-06-2021 16:00:06.701 [main] INFO  r.g.book.market.OrderServiceTest.logStarting - Starting OrderServiceTest using Java 15.0.1 on PC with PID 11992 (started by Андрей in D:\2021\Java\book-market\book_market)
05-06-2021 16:00:06.701 [main] INFO  r.g.book.market.OrderServiceTest.logStartupProfileInfo - The following profiles are active: test
05-06-2021 16:00:06.723 [main] DEBUG o.s.w.c.s.GenericWebApplicationContext.prepareRefresh - Refreshing org.springframework.web.context.support.GenericWebApplicationContext@77cf3f8b
05-06-2021 16:00:07.108 [main] INFO  r.g.book.market.OrderServiceTest.logStarted - Started OrderServiceTest in 0.615 seconds (JVM running for 1.26)
05-06-2021 16:00:07.186 [SpringContextShutdownHook] DEBUG o.s.w.c.s.GenericWebApplicationContext.doClose - Closing org.springframework.web.context.support.GenericWebApplicationContext@77cf3f8b, started on Sat Jun 05 16:00:06 MSK 2021
05-06-2021 16:03:00.725 [main] INFO  r.g.book.market.OrderServiceTest.logStarting - Starting OrderServiceTest using Java 15.0.1 on PC with PID 12816 (started by Андрей in D:\2021\Java\book-market\book_market)
05-06-2021 16:03:00.725 [main] INFO  r.g.book.market.OrderServiceTest.logStartupProfileInfo - The following profiles are active: test
05-06-2021 16:03:00.758 [main] DEBUG o.s.w.c.s.GenericWebApplicationContext.prepareRefresh - Refreshing org.springframework.web.context.support.GenericWebApplicationContext@77cf3f8b
05-06-2021 16:03:01.153 [main] INFO  r.g.book.market.OrderServiceTest.logStarted - Started OrderServiceTest in 0.623 seconds (JVM running for 1.272)
05-06-2021 16:03:01.200 [SpringContextShutdownHook] DEBUG o.s.w.c.s.GenericWebApplicationContext.doClose - Closing org.springframework.web.context.support.GenericWebApplicationContext@77cf3f8b, started on Sat Jun 05 16:03:00 MSK 2021
05-06-2021 16:03:32.287 [main] INFO  r.g.book.market.OrderServiceTest.logStarting - Starting OrderServiceTest using Java 15.0.1 on PC with PID 14968 (started by Андрей in D:\2021\Java\book-market\book_market)
05-06-2021 16:03:32.287 [main] INFO  r.g.book.market.OrderServiceTest.logStartupProfileInfo - The following profiles are active: test
05-06-2021 16:03:32.311 [main] DEBUG o.s.w.c.s.GenericWebApplicationContext.prepareRefresh - Refreshing org.springframework.web.context.support.GenericWebApplicationContext@77cf3f8b
05-06-2021 16:03:32.707 [main] INFO  r.g.book.market.OrderServiceTest.logStarted - Started OrderServiceTest in 0.625 seconds (JVM running for 1.27)
05-06-2021 16:03:32.754 [SpringContextShutdownHook] DEBUG o.s.w.c.s.GenericWebApplicationContext.doClose - Closing org.springframework.web.context.support.GenericWebApplicationContext@77cf3f8b, started on Sat Jun 05 16:03:32 MSK 2021
05-06-2021 16:09:49.516 [main] INFO  r.g.book.market.OrderServiceTest.logStarting - Starting OrderServiceTest using Java 15.0.1 on PC with PID 14912 (started by Андрей in D:\2021\Java\book-market\book_market)
05-06-2021 16:09:49.516 [main] INFO  r.g.book.market.OrderServiceTest.logStartupProfileInfo - The following profiles are active: test
05-06-2021 16:09:49.535 [main] DEBUG o.s.w.c.s.GenericWebApplicationContext.prepareRefresh - Refreshing org.springframework.web.context.support.GenericWebApplicationContext@77cf3f8b
05-06-2021 16:09:49.932 [main] INFO  r.g.book.market.OrderServiceTest.logStarted - Started OrderServiceTest in 0.616 seconds (JVM running for 1.246)
05-06-2021 16:09:49.979 [SpringContextShutdownHook] DEBUG o.s.w.c.s.GenericWebApplicationContext.doClose - Closing org.springframework.web.context.support.GenericWebApplicationContext@77cf3f8b, started on Sat Jun 05 16:09:49 MSK 2021
05-06-2021 16:10:36.703 [main] INFO  r.g.book.market.OrderServiceTest.logStarting - Starting OrderServiceTest using Java 15.0.1 on PC with PID 7700 (started by Андрей in D:\2021\Java\book-market\book_market)
05-06-2021 16:10:36.703 [main] INFO  r.g.book.market.OrderServiceTest.logStartupProfileInfo - The following profiles are active: test
05-06-2021 16:10:36.723 [main] DEBUG o.s.w.c.s.GenericWebApplicationContext.prepareRefresh - Refreshing org.springframework.web.context.support.GenericWebApplicationContext@77cf3f8b
05-06-2021 16:10:37.110 [main] INFO  r.g.book.market.OrderServiceTest.logStarted - Started OrderServiceTest in 0.617 seconds (JVM running for 1.258)
05-06-2021 16:10:37.173 [SpringContextShutdownHook] DEBUG o.s.w.c.s.GenericWebApplicationContext.doClose - Closing org.springframework.web.context.support.GenericWebApplicationContext@77cf3f8b, started on Sat Jun 05 16:10:36 MSK 2021
05-06-2021 16:33:54.596 [main] INFO  r.g.book.market.OrderServiceTest.logStarting - Starting OrderServiceTest using Java 15.0.1 on PC with PID 3560 (started by Андрей in D:\2021\Java\book-market\book_market)
05-06-2021 16:33:54.596 [main] INFO  r.g.book.market.OrderServiceTest.logStartupProfileInfo - The following profiles are active: test
05-06-2021 16:33:54.623 [main] DEBUG o.s.w.c.s.GenericWebApplicationContext.prepareRefresh - Refreshing org.springframework.web.context.support.GenericWebApplicationContext@1df98368
05-06-2021 16:33:55.011 [main] INFO  r.g.book.market.OrderServiceTest.logStarted - Started OrderServiceTest in 0.628 seconds (JVM running for 1.259)
05-06-2021 16:33:55.058 [SpringContextShutdownHook] DEBUG o.s.w.c.s.GenericWebApplicationContext.doClose - Closing org.springframework.web.context.support.GenericWebApplicationContext@1df98368, started on Sat Jun 05 16:33:54 MSK 2021
05-06-2021 17:07:45.913 [main] INFO  r.g.book.market.OrderServiceTest.logStarting - Starting OrderServiceTest using Java 15.0.1 on PC with PID 1480 (started by Андрей in D:\2021\Java\book-market\book_market)
05-06-2021 17:07:45.913 [main] INFO  r.g.book.market.OrderServiceTest.logStartupProfileInfo - The following profiles are active: test
05-06-2021 17:07:45.935 [main] DEBUG o.s.w.c.s.GenericWebApplicationContext.prepareRefresh - Refreshing org.springframework.web.context.support.GenericWebApplicationContext@21ca139c
05-06-2021 17:07:46.331 [main] INFO  r.g.book.market.OrderServiceTest.logStarted - Started OrderServiceTest in 0.626 seconds (JVM running for 1.313)
05-06-2021 17:07:46.394 [SpringContextShutdownHook] DEBUG o.s.w.c.s.GenericWebApplicationContext.doClose - Closing org.springframework.web.context.support.GenericWebApplicationContext@21ca139c, started on Sat Jun 05 17:07:45 MSK 2021
05-06-2021 17:11:12.767 [main] INFO  r.g.book.market.OrderServiceTest.logStarting - Starting OrderServiceTest using Java 15.0.1 on PC with PID 5652 (started by Андрей in D:\2021\Java\book-market\book_market)
05-06-2021 17:11:12.767 [main] INFO  r.g.book.market.OrderServiceTest.logStartupProfileInfo - The following profiles are active: test
05-06-2021 17:11:12.782 [main] DEBUG o.s.w.c.s.GenericWebApplicationContext.prepareRefresh - Refreshing org.springframework.web.context.support.GenericWebApplicationContext@21ca139c
05-06-2021 17:11:13.186 [main] INFO  r.g.book.market.OrderServiceTest.logStarted - Started OrderServiceTest in 0.624 seconds (JVM running for 1.278)
05-06-2021 17:11:13.233 [SpringContextShutdownHook] DEBUG o.s.w.c.s.GenericWebApplicationContext.doClose - Closing org.springframework.web.context.support.GenericWebApplicationContext@21ca139c, started on Sat Jun 05 17:11:12 MSK 2021
05-06-2021 17:11:31.231 [main] INFO  r.g.book.market.OrderServiceTest.logStarting - Starting OrderServiceTest using Java 15.0.1 on PC with PID 14428 (started by Андрей in D:\2021\Java\book-market\book_market)
05-06-2021 17:11:31.240 [main] INFO  r.g.book.market.OrderServiceTest.logStartupProfileInfo - The following profiles are active: test
05-06-2021 17:11:31.260 [main] DEBUG o.s.w.c.s.GenericWebApplicationContext.prepareRefresh - Refreshing org.springframework.web.context.support.GenericWebApplicationContext@5dda6f9
05-06-2021 17:11:31.694 [main] INFO  r.g.book.market.OrderServiceTest.logStarted - Started OrderServiceTest in 0.692 seconds (JVM running for 1.446)
05-06-2021 17:12:02.991 [SpringContextShutdownHook] DEBUG o.s.w.c.s.GenericWebApplicationContext.doClose - Closing org.springframework.web.context.support.GenericWebApplicationContext@5dda6f9, started on Sat Jun 05 17:11:31 MSK 2021
05-06-2021 17:16:23.184 [main] INFO  r.g.book.market.OrderServiceTest.logStarting - Starting OrderServiceTest using Java 15.0.1 on PC with PID 14592 (started by Андрей in D:\2021\Java\book-market\book_market)
05-06-2021 17:16:23.185 [main] INFO  r.g.book.market.OrderServiceTest.logStartupProfileInfo - The following profiles are active: test
05-06-2021 17:16:23.210 [main] DEBUG o.s.w.c.s.GenericWebApplicationContext.prepareRefresh - Refreshing org.springframework.web.context.support.GenericWebApplicationContext@5dda6f9
05-06-2021 17:16:23.657 [main] INFO  r.g.book.market.OrderServiceTest.logStarted - Started OrderServiceTest in 0.702 seconds (JVM running for 1.457)
05-06-2021 17:17:14.861 [SpringContextShutdownHook] DEBUG o.s.w.c.s.GenericWebApplicationContext.doClose - Closing org.springframework.web.context.support.GenericWebApplicationContext@5dda6f9, started on Sat Jun 05 17:16:23 MSK 2021
05-06-2021 17:18:51.525 [main] INFO  r.g.book.market.OrderServiceTest.logStarting - Starting OrderServiceTest using Java 15.0.1 on PC with PID 10044 (started by Андрей in D:\2021\Java\book-market\book_market)
05-06-2021 17:18:51.525 [main] INFO  r.g.book.market.OrderServiceTest.logStartupProfileInfo - The following profiles are active: test
05-06-2021 17:18:51.543 [main] DEBUG o.s.w.c.s.GenericWebApplicationContext.prepareRefresh - Refreshing org.springframework.web.context.support.GenericWebApplicationContext@21ca139c
05-06-2021 17:18:51.944 [main] INFO  r.g.book.market.OrderServiceTest.logStarted - Started OrderServiceTest in 0.62 seconds (JVM running for 1.256)
05-06-2021 17:18:51.990 [SpringContextShutdownHook] DEBUG o.s.w.c.s.GenericWebApplicationContext.doClose - Closing org.springframework.web.context.support.GenericWebApplicationContext@21ca139c, started on Sat Jun 05 17:18:51 MSK 2021
05-06-2021 17:19:18.984 [main] INFO  r.g.book.market.OrderServiceTest.logStarting - Starting OrderServiceTest using Java 15.0.1 on PC with PID 8572 (started by Андрей in D:\2021\Java\book-market\book_market)
05-06-2021 17:19:18.986 [main] INFO  r.g.book.market.OrderServiceTest.logStartupProfileInfo - The following profiles are active: test
05-06-2021 17:19:19.011 [main] DEBUG o.s.w.c.s.GenericWebApplicationContext.prepareRefresh - Refreshing org.springframework.web.context.support.GenericWebApplicationContext@5dda6f9
05-06-2021 17:19:19.464 [main] INFO  r.g.book.market.OrderServiceTest.logStarted - Started OrderServiceTest in 0.711 seconds (JVM running for 1.485)
05-06-2021 17:20:07.597 [SpringContextShutdownHook] DEBUG o.s.w.c.s.GenericWebApplicationContext.doClose - Closing org.springframework.web.context.support.GenericWebApplicationContext@5dda6f9, started on Sat Jun 05 17:19:19 MSK 2021
05-06-2021 17:24:58.781 [main] INFO  r.g.book.market.OrderServiceTest.logStarting - Starting OrderServiceTest using Java 15.0.1 on PC with PID 6616 (started by Андрей in D:\2021\Java\book-market\book_market)
05-06-2021 17:24:58.781 [main] INFO  r.g.book.market.OrderServiceTest.logStartupProfileInfo - The following profiles are active: test
05-06-2021 17:24:58.802 [main] DEBUG o.s.w.c.s.GenericWebApplicationContext.prepareRefresh - Refreshing org.springframework.web.context.support.GenericWebApplicationContext@21ca139c
05-06-2021 17:24:59.188 [main] INFO  r.g.book.market.OrderServiceTest.logStarted - Started OrderServiceTest in 0.621 seconds (JVM running for 1.265)
05-06-2021 17:24:59.235 [SpringContextShutdownHook] DEBUG o.s.w.c.s.GenericWebApplicationContext.doClose - Closing org.springframework.web.context.support.GenericWebApplicationContext@21ca139c, started on Sat Jun 05 17:24:58 MSK 2021
05-06-2021 17:26:42.290 [main] INFO  r.g.book.market.OrderServiceTest.logStarting - Starting OrderServiceTest using Java 15.0.1 on PC with PID 4592 (started by Андрей in D:\2021\Java\book-market\book_market)
05-06-2021 17:26:42.290 [main] INFO  r.g.book.market.OrderServiceTest.logStartupProfileInfo - The following profiles are active: test
05-06-2021 17:26:42.313 [main] DEBUG o.s.w.c.s.GenericWebApplicationContext.prepareRefresh - Refreshing org.springframework.web.context.support.GenericWebApplicationContext@21ca139c
05-06-2021 17:26:42.695 [main] INFO  r.g.book.market.OrderServiceTest.logStarted - Started OrderServiceTest in 0.619 seconds (JVM running for 1.281)
05-06-2021 17:26:42.742 [SpringContextShutdownHook] DEBUG o.s.w.c.s.GenericWebApplicationContext.doClose - Closing org.springframework.web.context.support.GenericWebApplicationContext@21ca139c, started on Sat Jun 05 17:26:42 MSK 2021
05-06-2021 17:27:03.846 [main] INFO  r.g.book.market.OrderServiceTest.logStarting - Starting OrderServiceTest using Java 15.0.1 on PC with PID 9832 (started by Андрей in D:\2021\Java\book-market\book_market)
05-06-2021 17:27:03.846 [main] INFO  r.g.book.market.OrderServiceTest.logStartupProfileInfo - The following profiles are active: test
05-06-2021 17:27:03.874 [main] DEBUG o.s.w.c.s.GenericWebApplicationContext.prepareRefresh - Refreshing org.springframework.web.context.support.GenericWebApplicationContext@21ca139c
05-06-2021 17:27:04.259 [main] INFO  r.g.book.market.OrderServiceTest.logStarted - Started OrderServiceTest in 0.621 seconds (JVM running for 1.261)
05-06-2021 17:27:04.306 [SpringContextShutdownHook] DEBUG o.s.w.c.s.GenericWebApplicationContext.doClose - Closing org.springframework.web.context.support.GenericWebApplicationContext@21ca139c, started on Sat Jun 05 17:27:03 MSK 2021
05-06-2021 17:27:14.988 [main] INFO  r.g.book.market.OrderServiceTest.logStarting - Starting OrderServiceTest using Java 15.0.1 on PC with PID 13708 (started by Андрей in D:\2021\Java\book-market\book_market)
05-06-2021 17:27:14.988 [main] INFO  r.g.book.market.OrderServiceTest.logStartupProfileInfo - The following profiles are active: test
05-06-2021 17:27:15.025 [main] DEBUG o.s.w.c.s.GenericWebApplicationContext.prepareRefresh - Refreshing org.springframework.web.context.support.GenericWebApplicationContext@5dda6f9
05-06-2021 17:27:15.456 [main] INFO  r.g.book.market.OrderServiceTest.logStarted - Started OrderServiceTest in 0.704 seconds (JVM running for 1.447)
05-06-2021 17:28:38.294 [SpringContextShutdownHook] DEBUG o.s.w.c.s.GenericWebApplicationContext.doClose - Closing org.springframework.web.context.support.GenericWebApplicationContext@5dda6f9, started on Sat Jun 05 17:27:15 MSK 2021
05-06-2021 17:28:42.077 [main] INFO  r.g.book.market.OrderServiceTest.logStarting - Starting OrderServiceTest using Java 15.0.1 on PC with PID 5308 (started by Андрей in D:\2021\Java\book-market\book_market)
05-06-2021 17:28:42.077 [main] INFO  r.g.book.market.OrderServiceTest.logStartupProfileInfo - The following profiles are active: test
05-06-2021 17:28:42.097 [main] DEBUG o.s.w.c.s.GenericWebApplicationContext.prepareRefresh - Refreshing org.springframework.web.context.support.GenericWebApplicationContext@21ca139c
05-06-2021 17:28:42.482 [main] INFO  r.g.book.market.OrderServiceTest.logStarted - Started OrderServiceTest in 0.625 seconds (JVM running for 1.26)
05-06-2021 17:28:42.544 [SpringContextShutdownHook] DEBUG o.s.w.c.s.GenericWebApplicationContext.doClose - Closing org.springframework.web.context.support.GenericWebApplicationContext@21ca139c, started on Sat Jun 05 17:28:42 MSK 2021
05-06-2021 17:28:53.291 [main] INFO  r.g.book.market.OrderServiceTest.logStarting - Starting OrderServiceTest using Java 15.0.1 on PC with PID 12308 (started by Андрей in D:\2021\Java\book-market\book_market)
05-06-2021 17:28:53.291 [main] INFO  r.g.book.market.OrderServiceTest.logStartupProfileInfo - The following profiles are active: test
05-06-2021 17:28:53.321 [main] DEBUG o.s.w.c.s.GenericWebApplicationContext.prepareRefresh - Refreshing org.springframework.web.context.support.GenericWebApplicationContext@5dda6f9
05-06-2021 17:28:53.759 [main] INFO  r.g.book.market.OrderServiceTest.logStarted - Started OrderServiceTest in 0.698 seconds (JVM running for 1.508)
05-06-2021 17:29:38.838 [SpringContextShutdownHook] DEBUG o.s.w.c.s.GenericWebApplicationContext.doClose - Closing org.springframework.web.context.support.GenericWebApplicationContext@5dda6f9, started on Sat Jun 05 17:28:53 MSK 2021
05-06-2021 17:30:28.772 [main] INFO  r.g.book.market.OrderServiceTest.logStarting - Starting OrderServiceTest using Java 15.0.1 on PC with PID 14600 (started by Андрей in D:\2021\Java\book-market\book_market)
05-06-2021 17:30:28.773 [main] INFO  r.g.book.market.OrderServiceTest.logStartupProfileInfo - The following profiles are active: test
05-06-2021 17:30:28.800 [main] DEBUG o.s.w.c.s.GenericWebApplicationContext.prepareRefresh - Refreshing org.springframework.web.context.support.GenericWebApplicationContext@5dda6f9
05-06-2021 17:30:29.251 [main] INFO  r.g.book.market.OrderServiceTest.logStarted - Started OrderServiceTest in 0.719 seconds (JVM running for 1.46)
05-06-2021 17:31:53.517 [SpringContextShutdownHook] DEBUG o.s.w.c.s.GenericWebApplicationContext.doClose - Closing org.springframework.web.context.support.GenericWebApplicationContext@5dda6f9, started on Sat Jun 05 17:30:28 MSK 2021
05-06-2021 17:31:59.013 [main] INFO  r.g.book.market.OrderServiceTest.logStarting - Starting OrderServiceTest using Java 15.0.1 on PC with PID 13136 (started by Андрей in D:\2021\Java\book-market\book_market)
05-06-2021 17:31:59.013 [main] INFO  r.g.book.market.OrderServiceTest.logStartupProfileInfo - The following profiles are active: test
05-06-2021 17:31:59.028 [main] DEBUG o.s.w.c.s.GenericWebApplicationContext.prepareRefresh - Refreshing org.springframework.web.context.support.GenericWebApplicationContext@21ca139c
05-06-2021 17:31:59.434 [main] INFO  r.g.book.market.OrderServiceTest.logStarted - Started OrderServiceTest in 0.617 seconds (JVM running for 1.255)
05-06-2021 17:31:59.481 [SpringContextShutdownHook] DEBUG o.s.w.c.s.GenericWebApplicationContext.doClose - Closing org.springframework.web.context.support.GenericWebApplicationContext@21ca139c, started on Sat Jun 05 17:31:59 MSK 2021
05-06-2021 17:39:22.209 [main] INFO  r.g.book.market.OrderServiceTest.logStarting - Starting OrderServiceTest using Java 15.0.1 on PC with PID 9408 (started by Андрей in D:\2021\Java\book-market\book_market)
05-06-2021 17:39:22.211 [main] INFO  r.g.book.market.OrderServiceTest.logStartupProfileInfo - The following profiles are active: test
05-06-2021 17:39:22.237 [main] DEBUG o.s.w.c.s.GenericWebApplicationContext.prepareRefresh - Refreshing org.springframework.web.context.support.GenericWebApplicationContext@5dda6f9
05-06-2021 17:39:22.685 [main] INFO  r.g.book.market.OrderServiceTest.logStarted - Started OrderServiceTest in 0.705 seconds (JVM running for 1.449)
05-06-2021 17:39:57.310 [SpringContextShutdownHook] DEBUG o.s.w.c.s.GenericWebApplicationContext.doClose - Closing org.springframework.web.context.support.GenericWebApplicationContext@5dda6f9, started on Sat Jun 05 17:39:22 MSK 2021
05-06-2021 17:42:00.742 [main] INFO  r.g.book.market.OrderServiceTest.logStarting - Starting OrderServiceTest using Java 15.0.1 on PC with PID 14268 (started by Андрей in D:\2021\Java\book-market\book_market)
05-06-2021 17:42:00.742 [main] INFO  r.g.book.market.OrderServiceTest.logStartupProfileInfo - The following profiles are active: test
05-06-2021 17:42:00.765 [main] DEBUG o.s.w.c.s.GenericWebApplicationContext.prepareRefresh - Refreshing org.springframework.web.context.support.GenericWebApplicationContext@21ca139c
05-06-2021 17:42:01.171 [main] INFO  r.g.book.market.OrderServiceTest.logStarted - Started OrderServiceTest in 0.632 seconds (JVM running for 1.283)
05-06-2021 17:42:01.218 [SpringContextShutdownHook] DEBUG o.s.w.c.s.GenericWebApplicationContext.doClose - Closing org.springframework.web.context.support.GenericWebApplicationContext@21ca139c, started on Sat Jun 05 17:42:00 MSK 2021
05-06-2021 17:42:27.643 [main] INFO  r.g.book.market.OrderServiceTest.logStarting - Starting OrderServiceTest using Java 15.0.1 on PC with PID 6608 (started by Андрей in D:\2021\Java\book-market\book_market)
05-06-2021 17:42:27.644 [main] INFO  r.g.book.market.OrderServiceTest.logStartupProfileInfo - The following profiles are active: test
05-06-2021 17:42:27.670 [main] DEBUG o.s.w.c.s.GenericWebApplicationContext.prepareRefresh - Refreshing org.springframework.web.context.support.GenericWebApplicationContext@21ca139c
05-06-2021 17:42:28.062 [main] INFO  r.g.book.market.OrderServiceTest.logStarted - Started OrderServiceTest in 0.634 seconds (JVM running for 1.296)
05-06-2021 17:42:28.114 [SpringContextShutdownHook] DEBUG o.s.w.c.s.GenericWebApplicationContext.doClose - Closing org.springframework.web.context.support.GenericWebApplicationContext@21ca139c, started on Sat Jun 05 17:42:27 MSK 2021
05-06-2021 17:43:35.472 [main] INFO  r.g.book.market.OrderServiceTest.logStarting - Starting OrderServiceTest using Java 15.0.1 on PC with PID 3760 (started by Андрей in D:\2021\Java\book-market\book_market)
05-06-2021 17:43:35.472 [main] INFO  r.g.book.market.OrderServiceTest.logStartupProfileInfo - The following profiles are active: test
05-06-2021 17:43:35.490 [main] DEBUG o.s.w.c.s.GenericWebApplicationContext.prepareRefresh - Refreshing org.springframework.web.context.support.GenericWebApplicationContext@21ca139c
05-06-2021 17:43:35.879 [main] INFO  r.g.book.market.OrderServiceTest.logStarted - Started OrderServiceTest in 0.621 seconds (JVM running for 1.247)
05-06-2021 17:43:35.941 [SpringContextShutdownHook] DEBUG o.s.w.c.s.GenericWebApplicationContext.doClose - Closing org.springframework.web.context.support.GenericWebApplicationContext@21ca139c, started on Sat Jun 05 17:43:35 MSK 2021
05-06-2021 17:43:48.833 [main] INFO  r.g.book.market.OrderServiceTest.logStarting - Starting OrderServiceTest using Java 15.0.1 on PC with PID 4044 (started by Андрей in D:\2021\Java\book-market\book_market)
05-06-2021 17:43:48.833 [main] INFO  r.g.book.market.OrderServiceTest.logStartupProfileInfo - The following profiles are active: test
05-06-2021 17:43:48.863 [main] DEBUG o.s.w.c.s.GenericWebApplicationContext.prepareRefresh - Refreshing org.springframework.web.context.support.GenericWebApplicationContext@21ca139c
05-06-2021 17:43:49.246 [main] INFO  r.g.book.market.OrderServiceTest.logStarted - Started OrderServiceTest in 0.626 seconds (JVM running for 1.263)
05-06-2021 17:43:49.309 [SpringContextShutdownHook] DEBUG o.s.w.c.s.GenericWebApplicationContext.doClose - Closing org.springframework.web.context.support.GenericWebApplicationContext@21ca139c, started on Sat Jun 05 17:43:48 MSK 2021
